<?xml version="1.0" encoding="UTF-8"?>
<testng-results ignored="0" total="2" passed="2" failed="0" skipped="0">
  <reporter-output>
  </reporter-output>
  <suite started-at="2021-10-06T14:29:36 IST" name="Default suite" finished-at="2021-10-06T14:29:36 IST" duration-ms="59">
    <groups>
    </groups>
    <test started-at="2021-10-06T14:29:36 IST" name="Default test" finished-at="2021-10-06T14:29:36 IST" duration-ms="59">
      <class name="com.test.example.TestClass">
        <test-method is-config="true" signature="setThreadName(java.lang.reflect.Method)[pri:0, instance:com.test.example.TestClass@66b7550d]" started-at="2021-10-06T14:29:36 IST" name="setThreadName" finished-at="2021-10-06T14:29:36 IST" duration-ms="12" status="PASS">
          <params>
            <param index="0">
              <value>
                <![CDATA[public void com.test.example.TestClass.test1()]]>
              </value>
            </param>
          </params>
          <reporter-output>
          </reporter-output>
        </test-method> <!-- setThreadName -->
        <test-method signature="test1()[pri:0, instance:com.test.example.TestClass@66b7550d]" started-at="2021-10-06T14:29:36 IST" name="test1" finished-at="2021-10-06T14:29:36 IST" duration-ms="18" status="PASS">
          <reporter-output>
          </reporter-output>
        </test-method> <!-- test1 -->
        <test-method is-config="true" signature="setThreadName(java.lang.reflect.Method)[pri:0, instance:com.test.example.TestClass@66b7550d]" started-at="2021-10-06T14:29:36 IST" name="setThreadName" finished-at="2021-10-06T14:29:36 IST" duration-ms="0" status="PASS">
          <params>
            <param index="0">
              <value>
                <![CDATA[public void com.test.example.TestClass.test2()]]>
              </value>
            </param>
          </params>
          <reporter-output>
          </reporter-output>
        </test-method> <!-- setThreadName -->
        <test-method signature="test2()[pri:0, instance:com.test.example.TestClass@66b7550d]" started-at="2021-10-06T14:29:36 IST" name="test2" finished-at="2021-10-06T14:29:36 IST" duration-ms="3" status="PASS">
          <reporter-output>
          </reporter-output>
        </test-method> <!-- test2 -->
      </class> <!-- com.test.example.TestClass -->
    </test> <!-- Default test -->
  </suite> <!-- Default suite -->
</testng-results>
